[debug] [2021-02-22T23:11:40.893Z] ----------------------------------------------------------------------
[debug] [2021-02-22T23:11:40.896Z] Command:       C:\Program Files\nodejs\node.exe C:\Users\rgrie\AppData\Roaming\npm\node_modules\firebase-tools\lib\bin\firebase.js init
[debug] [2021-02-22T23:11:40.897Z] CLI Version:   9.2.2
[debug] [2021-02-22T23:11:40.897Z] Platform:      win32
[debug] [2021-02-22T23:11:40.897Z] Node Version:  v12.18.4
[debug] [2021-02-22T23:11:40.902Z] Time:          Mon Feb 22 2021 20:11:40 GMT-0300 (GMT-03:00)
[debug] [2021-02-22T23:11:40.902Z] ----------------------------------------------------------------------
[debug] [2021-02-22T23:11:40.903Z] 
[debug] [2021-02-22T23:11:40.907Z] >>> [apiv2][query] GET https://firebase-public.firebaseio.com/cli.json [none]
[debug] [2021-02-22T23:11:40.949Z] > command requires scopes: ["email","openid","https://www.googleapis.com/auth/cloudplatformprojects.readonly","https://www.googleapis.com/auth/firebase","https://www.googleapis.com/auth/cloud-platform"]
[debug] [2021-02-22T23:11:40.950Z] > authorizing via signed-in user
[info] 
     ######## #### ########  ######## ########     ###     ######  ########
     ##        ##  ##     ## ##       ##     ##  ##   ##  ##       ##
     ######    ##  ########  ######   ########  #########  ######  ######
     ##        ##  ##    ##  ##       ##     ## ##     ##       ## ##
     ##       #### ##     ## ######## ########  ##     ##  ######  ########

You're about to initialize a Firebase project in this directory:

  D:\webdev\hburger

Before we get started, keep in mind:

  * You are initializing in an existing Firebase project directory

[debug] [2021-02-22T23:11:41.617Z] <<< [apiv2][status] GET https://firebase-public.firebaseio.com/cli.json 200
[debug] [2021-02-22T23:11:41.618Z] <<< [apiv2][body] GET https://firebase-public.firebaseio.com/cli.json {"cloudBuildErrorAfter":1594252800000,"cloudBuildWarnAfter":1590019200000,"defaultNode10After":1594252800000,"minVersion":"3.0.5","node8DeploysDisabledAfter":1613390400000,"node8RuntimeDisabledAfter":1615809600000,"node8WarnAfter":1600128000000}
